<?xml version="1.0" encoding="UTF-8"?>
<!-- Generated by org.testng.reporters.JUnitReportReporter -->
<testsuite skipped="1" hostname="LAPTOP-ADCEUPHM" name="day1.WeatherAPI" tests="4" failures="0" timestamp="2021-10-08T16:36:09 IST" time="4.173" errors="0">
  <testcase name="getWeather2" time="0.489" classname="day1.WeatherAPI"/>
  <system-out/>
  <testcase name="getWeather4" time="0.460" classname="day1.WeatherAPI"/>
  <system-out/>
  <testcase name="getWeather" time="3.224" classname="day1.WeatherAPI"/>
  <system-out/>
  <testcase name="getWeather3" classname="day1.WeatherAPI">
    <skipped/>
  </testcase> <!-- getWeather3 -->
  <system-out/>
</testsuite> <!-- day1.WeatherAPI -->
