<?xml version="1.0" encoding="UTF-8"?>
<!-- Generated by org.testng.reporters.JUnitReportReporter -->
<testsuite skipped="0" hostname="LAPTOP-ADCEUPHM" name="day2.Github" tests="2" failures="0" timestamp="2021-10-08T15:36:10 IST" time="3.011" errors="0">
  <testcase name="createRepositories" time="2.575" classname="day2.Github"/>
  <system-out/>
  <testcase name="gettingAllRepositories" time="0.436" classname="day2.Github"/>
  <system-out/>
</testsuite> <!-- day2.Github -->
