<?xml version="1.0" encoding="UTF-8"?>
<!-- Generated by org.testng.reporters.JUnitReportReporter -->
<testsuite skipped="3" hostname="LAPTOP-ADCEUPHM" name="day2.PositiveContactListTest" tests="8" failures="0" timestamp="2021-10-08T11:57:33 IST" time="5.874" errors="0">
  <testcase name="addingContact" time="3.810" classname="day2.PositiveContactListTest"/>
  <system-out/>
  <testcase name="postUpdateContact" time="0.518" classname="day2.PositiveContactListTest"/>
  <system-out/>
  <testcase name="getSpecficContact4" time="0.505" classname="day2.PositiveContactListTest"/>
  <system-out/>
  <testcase name="getSpecficContact3" time="0.534" classname="day2.PositiveContactListTest"/>
  <system-out/>
  <testcase name="deletingSpecficContact" time="0.507" classname="day2.PositiveContactListTest"/>
  <system-out/>
  <testcase name="getSpecificContact" classname="day2.PositiveContactListTest">
    <skipped/>
  </testcase> <!-- getSpecificContact -->
  <system-out/>
  <testcase name="getSpecificationContact1" classname="day2.PositiveContactListTest">
    <skipped/>
  </testcase> <!-- getSpecificationContact1 -->
  <system-out/>
  <testcase name="getAllContactListInfo" classname="day2.PositiveContactListTest">
    <skipped/>
  </testcase> <!-- getAllContactListInfo -->
  <system-out/>
</testsuite> <!-- day2.PositiveContactListTest -->
