<?xml version="1.0" encoding="UTF-8"?>
<!-- Generated by org.testng.reporters.JUnitReportReporter -->
<testsuite skipped="2" hostname="LAPTOP-ADCEUPHM" name="day2.NegativeContactListTest" tests="4" failures="0" timestamp="2021-10-08T12:56:34 IST" time="3.376" errors="0">
  <testcase name="MissingEmailId" time="2.857" classname="day2.NegativeContactListTest"/>
  <system-out/>
  <testcase name="addingContactBigSize" time="0.519" classname="day2.NegativeContactListTest"/>
  <system-out/>
  <testcase name="addingContactMissing" classname="day2.NegativeContactListTest">
    <skipped/>
  </testcase> <!-- addingContactMissing -->
  <system-out/>
  <testcase name="recordNotFound" classname="day2.NegativeContactListTest">
    <skipped/>
  </testcase> <!-- recordNotFound -->
  <system-out/>
</testsuite> <!-- day2.NegativeContactListTest -->
